[2025-09-22 06:09:07 +0000] [1] [INFO] Starting gunicorn 23.0.0
[2025-09-22 06:09:07 +0000] [1] [INFO] Listening at: http://0.0.0.0:8000 (1)
[2025-09-22 06:09:07 +0000] [1] [INFO] Using worker: sync
[2025-09-22 06:09:07 +0000] [7] [INFO] Booting worker with pid: 7
[2025-09-22 06:09:07 +0000] [8] [INFO] Booting worker with pid: 8
[2025-09-22 06:09:07 +0000] [9] [INFO] Booting worker with pid: 9
[2025-09-22 06:09:07 +0000] [10] [INFO] Booting worker with pid: 10
[2025-09-22 06:09:07 +0000] [11] [INFO] Booting worker with pid: 11
[2025-09-22 06:09:07 +0000] [12] [INFO] Booting worker with pid: 12
[2025-09-22 06:09:07 +0000] [13] [INFO] Booting worker with pid: 13
[2025-09-22 06:09:07 +0000] [14] [INFO] Booting worker with pid: 14
[2025-09-22 06:09:07 +0000] [15] [INFO] Booting worker with pid: 15
[2025-09-22 06:09:07 +0000] [16] [INFO] Booting worker with pid: 16
[2025-09-22 06:09:08 +0000] [17] [INFO] Booting worker with pid: 17
[2025-09-22 06:09:08 +0000] [18] [INFO] Booting worker with pid: 18
[2025-09-22 06:09:08 +0000] [19] [INFO] Booting worker with pid: 19
[2025-09-22 06:09:08 +0000] [20] [INFO] Booting worker with pid: 20
[2025-09-22 06:09:08 +0000] [21] [INFO] Booting worker with pid: 21
[2025-09-22 06:09:08 +0000] [22] [INFO] Booting worker with pid: 22
[2025-09-22 06:10:17 +0000] [1] [CRITICAL] WORKER TIMEOUT (pid:20)
[2025-09-22 01:10:17 -0500] [20] [ERROR] Error handling request (no URI read)
Traceback (most recent call last):
  File "/usr/local/lib/python3.11/site-packages/gunicorn/workers/sync.py", line 133, in handle
    req = next(parser)
          ^^^^^^^^^^^^
  File "/usr/local/lib/python3.11/site-packages/gunicorn/http/parser.py", line 41, in __next__
    self.mesg = self.mesg_class(self.cfg, self.unreader, self.source_addr, self.req_count)
                ^^^^^^^^^^^^^^^^^^^^^^^^^^^^^^^^^^^^^^^^^^^^^^^^^^^^^^^^^^^^^^^^^^^^^^^^^^
  File "/usr/local/lib/python3.11/site-packages/gunicorn/http/message.py", line 259, in __init__
    super().__init__(cfg, unreader, peer_addr)
  File "/usr/local/lib/python3.11/site-packages/gunicorn/http/message.py", line 60, in __init__
    unused = self.parse(self.unreader)
             ^^^^^^^^^^^^^^^^^^^^^^^^^
  File "/usr/local/lib/python3.11/site-packages/gunicorn/http/message.py", line 271, in parse
    self.get_data(unreader, buf, stop=True)
  File "/usr/local/lib/python3.11/site-packages/gunicorn/http/message.py", line 262, in get_data
    data = unreader.read()
           ^^^^^^^^^^^^^^^
  File "/usr/local/lib/python3.11/site-packages/gunicorn/http/unreader.py", line 36, in read
    d = self.chunk()
        ^^^^^^^^^^^^
  File "/usr/local/lib/python3.11/site-packages/gunicorn/http/unreader.py", line 63, in chunk
    return self.sock.recv(self.mxchunk)
           ^^^^^^^^^^^^^^^^^^^^^^^^^^^^
  File "/usr/local/lib/python3.11/site-packages/gunicorn/workers/base.py", line 204, in handle_abort
    sys.exit(1)
SystemExit: 1
[2025-09-22 01:10:17 -0500] [20] [INFO] Worker exiting (pid: 20)
[2025-09-22 06:10:17 +0000] [38] [INFO] Booting worker with pid: 38
[2025-09-22 06:10:36 +0000] [1] [INFO] Handling signal: term
[2025-09-22 01:10:36 -0500] [8] [INFO] Worker exiting (pid: 8)
[2025-09-22 01:10:36 -0500] [9] [INFO] Worker exiting (pid: 9)
[2025-09-22 01:10:36 -0500] [12] [INFO] Worker exiting (pid: 12)
[2025-09-22 01:10:36 -0500] [13] [INFO] Worker exiting (pid: 13)
[2025-09-22 01:10:36 -0500] [10] [INFO] Worker exiting (pid: 10)
[2025-09-22 01:10:36 -0500] [7] [INFO] Worker exiting (pid: 7)
[2025-09-22 01:10:36 -0500] [11] [INFO] Worker exiting (pid: 11)
[2025-09-22 01:10:36 -0500] [38] [INFO] Worker exiting (pid: 38)
[2025-09-22 01:10:36 -0500] [14] [INFO] Worker exiting (pid: 14)
[2025-09-22 01:10:36 -0500] [17] [INFO] Worker exiting (pid: 17)
[2025-09-22 01:10:36 -0500] [15] [INFO] Worker exiting (pid: 15)
[2025-09-22 01:10:36 -0500] [22] [INFO] Worker exiting (pid: 22)
[2025-09-22 01:10:36 -0500] [16] [INFO] Worker exiting (pid: 16)
[2025-09-22 01:10:36 -0500] [18] [INFO] Worker exiting (pid: 18)
[2025-09-22 01:10:36 -0500] [21] [INFO] Worker exiting (pid: 21)
[2025-09-22 01:10:36 -0500] [19] [INFO] Worker exiting (pid: 19)
[2025-09-22 06:10:37 +0000] [1] [INFO] Shutting down: Master
[2025-09-22 06:11:04 +0000] [1] [INFO] Starting gunicorn 23.0.0
[2025-09-22 06:11:04 +0000] [1] [INFO] Listening at: http://0.0.0.0:8000 (1)
[2025-09-22 06:11:04 +0000] [1] [INFO] Using worker: sync
[2025-09-22 06:11:04 +0000] [7] [INFO] Booting worker with pid: 7
[2025-09-22 06:11:05 +0000] [8] [INFO] Booting worker with pid: 8
[2025-09-22 06:11:05 +0000] [9] [INFO] Booting worker with pid: 9
[2025-09-22 06:11:05 +0000] [10] [INFO] Booting worker with pid: 10
[2025-09-22 06:11:05 +0000] [11] [INFO] Booting worker with pid: 11
[2025-09-22 06:11:05 +0000] [12] [INFO] Booting worker with pid: 12
[2025-09-22 06:11:05 +0000] [13] [INFO] Booting worker with pid: 13
[2025-09-22 06:11:05 +0000] [14] [INFO] Booting worker with pid: 14
[2025-09-22 06:11:05 +0000] [15] [INFO] Booting worker with pid: 15
[2025-09-22 06:11:05 +0000] [16] [INFO] Booting worker with pid: 16
[2025-09-22 06:11:05 +0000] [17] [INFO] Booting worker with pid: 17
[2025-09-22 06:11:05 +0000] [18] [INFO] Booting worker with pid: 18
[2025-09-22 06:11:05 +0000] [19] [INFO] Booting worker with pid: 19
[2025-09-22 06:11:05 +0000] [20] [INFO] Booting worker with pid: 20
[2025-09-22 06:11:06 +0000] [21] [INFO] Booting worker with pid: 21
[2025-09-22 06:11:06 +0000] [22] [INFO] Booting worker with pid: 22
[2025-09-22 06:17:39 +0000] [1] [INFO] Handling signal: term
[2025-09-22 01:17:39 -0500] [8] [INFO] Worker exiting (pid: 8)
[2025-09-22 01:17:39 -0500] [17] [INFO] Worker exiting (pid: 17)
[2025-09-22 01:17:39 -0500] [18] [INFO] Worker exiting (pid: 18)
[2025-09-22 01:17:39 -0500] [19] [INFO] Worker exiting (pid: 19)
[2025-09-22 01:17:39 -0500] [7] [INFO] Worker exiting (pid: 7)
[2025-09-22 01:17:39 -0500] [11] [INFO] Worker exiting (pid: 11)
[2025-09-22 01:17:39 -0500] [15] [INFO] Worker exiting (pid: 15)
[2025-09-22 01:17:39 -0500] [13] [INFO] Worker exiting (pid: 13)
[2025-09-22 01:17:39 -0500] [21] [INFO] Worker exiting (pid: 21)
[2025-09-22 01:17:39 -0500] [16] [INFO] Worker exiting (pid: 16)
[2025-09-22 01:17:39 -0500] [20] [INFO] Worker exiting (pid: 20)
[2025-09-22 01:17:39 -0500] [22] [INFO] Worker exiting (pid: 22)
[2025-09-22 01:17:39 -0500] [14] [INFO] Worker exiting (pid: 14)
[2025-09-22 01:17:39 -0500] [10] [INFO] Worker exiting (pid: 10)
[2025-09-22 01:17:39 -0500] [9] [INFO] Worker exiting (pid: 9)
[2025-09-22 01:17:39 -0500] [12] [INFO] Worker exiting (pid: 12)
[2025-09-22 06:17:40 +0000] [1] [INFO] Shutting down: Master
[2025-09-22 06:17:55 +0000] [1] [INFO] Starting gunicorn 23.0.0
[2025-09-22 06:17:55 +0000] [1] [INFO] Listening at: http://0.0.0.0:8000 (1)
[2025-09-22 06:17:55 +0000] [1] [INFO] Using worker: sync
[2025-09-22 06:17:55 +0000] [7] [INFO] Booting worker with pid: 7
[2025-09-22 06:17:55 +0000] [8] [INFO] Booting worker with pid: 8
[2025-09-22 06:17:55 +0000] [9] [INFO] Booting worker with pid: 9
[2025-09-22 06:17:55 +0000] [10] [INFO] Booting worker with pid: 10
[2025-09-22 06:17:55 +0000] [11] [INFO] Booting worker with pid: 11
[2025-09-22 06:17:56 +0000] [12] [INFO] Booting worker with pid: 12
[2025-09-22 06:17:56 +0000] [13] [INFO] Booting worker with pid: 13
[2025-09-22 06:17:56 +0000] [14] [INFO] Booting worker with pid: 14
[2025-09-22 06:17:56 +0000] [15] [INFO] Booting worker with pid: 15
[2025-09-22 06:17:56 +0000] [16] [INFO] Booting worker with pid: 16
[2025-09-22 06:17:56 +0000] [17] [INFO] Booting worker with pid: 17
[2025-09-22 06:17:56 +0000] [18] [INFO] Booting worker with pid: 18
[2025-09-22 06:17:56 +0000] [19] [INFO] Booting worker with pid: 19
[2025-09-22 06:17:56 +0000] [20] [INFO] Booting worker with pid: 20
[2025-09-22 06:17:56 +0000] [21] [INFO] Booting worker with pid: 21
[2025-09-22 06:17:56 +0000] [22] [INFO] Booting worker with pid: 22
[2025-09-22 06:22:59 +0000] [1] [INFO] Handling signal: term
[2025-09-22 01:22:59 -0500] [8] [INFO] Worker exiting (pid: 8)
[2025-09-22 01:22:59 -0500] [7] [INFO] Worker exiting (pid: 7)
[2025-09-22 01:22:59 -0500] [10] [INFO] Worker exiting (pid: 10)
[2025-09-22 01:22:59 -0500] [11] [INFO] Worker exiting (pid: 11)
[2025-09-22 01:22:59 -0500] [17] [INFO] Worker exiting (pid: 17)
[2025-09-22 01:22:59 -0500] [21] [INFO] Worker exiting (pid: 21)
[2025-09-22 01:22:59 -0500] [18] [INFO] Worker exiting (pid: 18)
[2025-09-22 01:22:59 -0500] [12] [INFO] Worker exiting (pid: 12)
[2025-09-22 01:22:59 -0500] [9] [INFO] Worker exiting (pid: 9)
[2025-09-22 01:22:59 -0500] [16] [INFO] Worker exiting (pid: 16)
[2025-09-22 01:22:59 -0500] [20] [INFO] Worker exiting (pid: 20)
[2025-09-22 01:22:59 -0500] [13] [INFO] Worker exiting (pid: 13)
[2025-09-22 01:22:59 -0500] [19] [INFO] Worker exiting (pid: 19)
[2025-09-22 01:22:59 -0500] [15] [INFO] Worker exiting (pid: 15)
[2025-09-22 01:22:59 -0500] [22] [INFO] Worker exiting (pid: 22)
[2025-09-22 01:22:59 -0500] [14] [INFO] Worker exiting (pid: 14)
[2025-09-22 06:23:00 +0000] [1] [INFO] Shutting down: Master
[2025-09-22 06:23:36 +0000] [1] [INFO] Starting gunicorn 23.0.0
[2025-09-22 06:23:36 +0000] [1] [INFO] Listening at: http://0.0.0.0:8000 (1)
[2025-09-22 06:23:36 +0000] [1] [INFO] Using worker: sync
[2025-09-22 06:23:36 +0000] [7] [INFO] Booting worker with pid: 7
[2025-09-22 06:23:36 +0000] [8] [INFO] Booting worker with pid: 8
[2025-09-22 06:23:36 +0000] [9] [INFO] Booting worker with pid: 9
[2025-09-22 06:23:36 +0000] [10] [INFO] Booting worker with pid: 10
[2025-09-22 06:23:37 +0000] [11] [INFO] Booting worker with pid: 11
[2025-09-22 06:23:37 +0000] [12] [INFO] Booting worker with pid: 12
[2025-09-22 06:23:37 +0000] [13] [INFO] Booting worker with pid: 13
[2025-09-22 06:23:37 +0000] [14] [INFO] Booting worker with pid: 14
[2025-09-22 06:23:37 +0000] [15] [INFO] Booting worker with pid: 15
[2025-09-22 06:23:37 +0000] [16] [INFO] Booting worker with pid: 16
[2025-09-22 06:23:37 +0000] [17] [INFO] Booting worker with pid: 17
[2025-09-22 06:23:37 +0000] [18] [INFO] Booting worker with pid: 18
[2025-09-22 06:23:37 +0000] [19] [INFO] Booting worker with pid: 19
[2025-09-22 06:23:37 +0000] [20] [INFO] Booting worker with pid: 20
[2025-09-22 06:23:37 +0000] [21] [INFO] Booting worker with pid: 21
[2025-09-22 06:23:37 +0000] [22] [INFO] Booting worker with pid: 22
[2025-09-22 06:32:18 +0000] [1] [INFO] Handling signal: term
[2025-09-22 01:32:18 -0500] [21] [INFO] Worker exiting (pid: 21)
[2025-09-22 01:32:18 -0500] [17] [INFO] Worker exiting (pid: 17)
[2025-09-22 01:32:18 -0500] [10] [INFO] Worker exiting (pid: 10)
[2025-09-22 01:32:18 -0500] [15] [INFO] Worker exiting (pid: 15)
[2025-09-22 01:32:18 -0500] [20] [INFO] Worker exiting (pid: 20)
[2025-09-22 01:32:18 -0500] [19] [INFO] Worker exiting (pid: 19)
[2025-09-22 01:32:18 -0500] [18] [INFO] Worker exiting (pid: 18)
[2025-09-22 01:32:18 -0500] [11] [INFO] Worker exiting (pid: 11)
[2025-09-22 01:32:18 -0500] [22] [INFO] Worker exiting (pid: 22)
[2025-09-22 01:32:18 -0500] [9] [INFO] Worker exiting (pid: 9)
[2025-09-22 01:32:18 -0500] [7] [INFO] Worker exiting (pid: 7)
[2025-09-22 01:32:18 -0500] [13] [INFO] Worker exiting (pid: 13)
[2025-09-22 01:32:18 -0500] [8] [INFO] Worker exiting (pid: 8)
[2025-09-22 01:32:18 -0500] [12] [INFO] Worker exiting (pid: 12)
[2025-09-22 01:32:18 -0500] [16] [INFO] Worker exiting (pid: 16)
[2025-09-22 01:32:18 -0500] [14] [INFO] Worker exiting (pid: 14)
[2025-09-22 06:32:19 +0000] [1] [INFO] Shutting down: Master
[2025-09-22 06:32:36 +0000] [1] [INFO] Starting gunicorn 23.0.0
[2025-09-22 06:32:36 +0000] [1] [INFO] Listening at: http://0.0.0.0:8000 (1)
[2025-09-22 06:32:36 +0000] [1] [INFO] Using worker: sync
[2025-09-22 06:32:36 +0000] [7] [INFO] Booting worker with pid: 7
[2025-09-22 06:32:36 +0000] [8] [INFO] Booting worker with pid: 8
[2025-09-22 06:32:36 +0000] [9] [INFO] Booting worker with pid: 9
[2025-09-22 06:32:36 +0000] [10] [INFO] Booting worker with pid: 10
[2025-09-22 06:32:36 +0000] [11] [INFO] Booting worker with pid: 11
[2025-09-22 06:32:36 +0000] [12] [INFO] Booting worker with pid: 12
[2025-09-22 06:32:36 +0000] [13] [INFO] Booting worker with pid: 13
[2025-09-22 06:32:36 +0000] [14] [INFO] Booting worker with pid: 14
[2025-09-22 06:32:36 +0000] [15] [INFO] Booting worker with pid: 15
[2025-09-22 06:32:36 +0000] [16] [INFO] Booting worker with pid: 16
[2025-09-22 06:32:36 +0000] [17] [INFO] Booting worker with pid: 17
[2025-09-22 06:32:36 +0000] [18] [INFO] Booting worker with pid: 18
[2025-09-22 06:32:36 +0000] [19] [INFO] Booting worker with pid: 19
[2025-09-22 06:32:36 +0000] [20] [INFO] Booting worker with pid: 20
[2025-09-22 06:32:36 +0000] [21] [INFO] Booting worker with pid: 21
[2025-09-22 06:32:36 +0000] [22] [INFO] Booting worker with pid: 22
[2025-09-22 07:05:34 +0000] [1] [INFO] Handling signal: term
[2025-09-22 02:05:34 -0500] [15] [INFO] Worker exiting (pid: 15)
[2025-09-22 02:05:34 -0500] [21] [INFO] Worker exiting (pid: 21)
[2025-09-22 02:05:34 -0500] [8] [INFO] Worker exiting (pid: 8)
[2025-09-22 02:05:34 -0500] [13] [INFO] Worker exiting (pid: 13)
[2025-09-22 02:05:34 -0500] [7] [INFO] Worker exiting (pid: 7)
[2025-09-22 02:05:34 -0500] [19] [INFO] Worker exiting (pid: 19)
[2025-09-22 02:05:34 -0500] [10] [INFO] Worker exiting (pid: 10)
[2025-09-22 02:05:34 -0500] [9] [INFO] Worker exiting (pid: 9)
[2025-09-22 02:05:34 -0500] [12] [INFO] Worker exiting (pid: 12)
[2025-09-22 02:05:34 -0500] [20] [INFO] Worker exiting (pid: 20)
[2025-09-22 02:05:34 -0500] [16] [INFO] Worker exiting (pid: 16)
[2025-09-22 02:05:34 -0500] [22] [INFO] Worker exiting (pid: 22)
[2025-09-22 02:05:34 -0500] [18] [INFO] Worker exiting (pid: 18)
[2025-09-22 02:05:34 -0500] [11] [INFO] Worker exiting (pid: 11)
[2025-09-22 02:05:34 -0500] [14] [INFO] Worker exiting (pid: 14)
[2025-09-22 02:05:34 -0500] [17] [INFO] Worker exiting (pid: 17)
[2025-09-22 07:05:36 +0000] [1] [INFO] Shutting down: Master
[2025-09-22 07:05:43 +0000] [1] [INFO] Starting gunicorn 23.0.0
[2025-09-22 07:05:43 +0000] [1] [INFO] Listening at: http://0.0.0.0:8000 (1)
[2025-09-22 07:05:43 +0000] [1] [INFO] Using worker: sync
[2025-09-22 07:05:43 +0000] [7] [INFO] Booting worker with pid: 7
[2025-09-22 07:05:43 +0000] [8] [INFO] Booting worker with pid: 8
[2025-09-22 07:05:43 +0000] [9] [INFO] Booting worker with pid: 9
[2025-09-22 07:05:43 +0000] [10] [INFO] Booting worker with pid: 10
[2025-09-22 07:05:43 +0000] [11] [INFO] Booting worker with pid: 11
[2025-09-22 07:05:43 +0000] [12] [INFO] Booting worker with pid: 12
[2025-09-22 07:05:43 +0000] [13] [INFO] Booting worker with pid: 13
[2025-09-22 07:05:43 +0000] [14] [INFO] Booting worker with pid: 14
[2025-09-22 07:05:43 +0000] [15] [INFO] Booting worker with pid: 15
[2025-09-22 07:05:43 +0000] [16] [INFO] Booting worker with pid: 16
[2025-09-22 07:05:43 +0000] [17] [INFO] Booting worker with pid: 17
[2025-09-22 07:05:43 +0000] [18] [INFO] Booting worker with pid: 18
[2025-09-22 07:05:43 +0000] [19] [INFO] Booting worker with pid: 19
[2025-09-22 07:05:43 +0000] [20] [INFO] Booting worker with pid: 20
[2025-09-22 07:05:44 +0000] [21] [INFO] Booting worker with pid: 21
[2025-09-22 07:05:44 +0000] [22] [INFO] Booting worker with pid: 22
[2025-09-22 07:07:07 +0000] [1] [INFO] Handling signal: term
[2025-09-22 02:07:07 -0500] [15] [INFO] Worker exiting (pid: 15)
[2025-09-22 02:07:07 -0500] [7] [INFO] Worker exiting (pid: 7)
[2025-09-22 02:07:07 -0500] [16] [INFO] Worker exiting (pid: 16)
[2025-09-22 02:07:07 -0500] [12] [INFO] Worker exiting (pid: 12)
[2025-09-22 02:07:07 -0500] [8] [INFO] Worker exiting (pid: 8)
[2025-09-22 02:07:07 -0500] [18] [INFO] Worker exiting (pid: 18)
[2025-09-22 02:07:07 -0500] [14] [INFO] Worker exiting (pid: 14)
[2025-09-22 02:07:07 -0500] [11] [INFO] Worker exiting (pid: 11)
[2025-09-22 02:07:07 -0500] [9] [INFO] Worker exiting (pid: 9)
[2025-09-22 02:07:07 -0500] [13] [INFO] Worker exiting (pid: 13)
[2025-09-22 02:07:07 -0500] [19] [INFO] Worker exiting (pid: 19)
[2025-09-22 02:07:07 -0500] [22] [INFO] Worker exiting (pid: 22)
[2025-09-22 02:07:07 -0500] [17] [INFO] Worker exiting (pid: 17)
[2025-09-22 02:07:07 -0500] [20] [INFO] Worker exiting (pid: 20)
[2025-09-22 02:07:07 -0500] [21] [INFO] Worker exiting (pid: 21)
[2025-09-22 02:07:07 -0500] [10] [INFO] Worker exiting (pid: 10)
[2025-09-22 07:07:08 +0000] [1] [INFO] Shutting down: Master
[2025-09-22 07:10:35 +0000] [1] [INFO] Starting gunicorn 23.0.0
[2025-09-22 07:10:35 +0000] [1] [INFO] Listening at: http://0.0.0.0:8000 (1)
[2025-09-22 07:10:35 +0000] [1] [INFO] Using worker: sync
[2025-09-22 07:10:35 +0000] [7] [INFO] Booting worker with pid: 7
[2025-09-22 07:10:35 +0000] [8] [INFO] Booting worker with pid: 8
[2025-09-22 07:10:35 +0000] [9] [INFO] Booting worker with pid: 9
[2025-09-22 07:10:35 +0000] [10] [INFO] Booting worker with pid: 10
[2025-09-22 07:10:35 +0000] [11] [INFO] Booting worker with pid: 11
[2025-09-22 07:10:35 +0000] [12] [INFO] Booting worker with pid: 12
[2025-09-22 07:10:35 +0000] [13] [INFO] Booting worker with pid: 13
[2025-09-22 07:10:35 +0000] [14] [INFO] Booting worker with pid: 14
[2025-09-22 07:10:35 +0000] [15] [INFO] Booting worker with pid: 15
[2025-09-22 07:10:35 +0000] [16] [INFO] Booting worker with pid: 16
[2025-09-22 07:10:35 +0000] [17] [INFO] Booting worker with pid: 17
[2025-09-22 07:10:35 +0000] [18] [INFO] Booting worker with pid: 18
[2025-09-22 07:10:35 +0000] [19] [INFO] Booting worker with pid: 19
[2025-09-22 07:10:35 +0000] [20] [INFO] Booting worker with pid: 20
[2025-09-22 07:10:35 +0000] [21] [INFO] Booting worker with pid: 21
[2025-09-22 07:10:35 +0000] [22] [INFO] Booting worker with pid: 22
[2025-09-22 07:36:26 +0000] [1] [CRITICAL] WORKER TIMEOUT (pid:20)
[2025-09-22 02:36:26 -0500] [20] [ERROR] Error handling request (no URI read)
Traceback (most recent call last):
  File "/usr/local/lib/python3.11/site-packages/gunicorn/workers/sync.py", line 133, in handle
    req = next(parser)
          ^^^^^^^^^^^^
  File "/usr/local/lib/python3.11/site-packages/gunicorn/http/parser.py", line 41, in __next__
    self.mesg = self.mesg_class(self.cfg, self.unreader, self.source_addr, self.req_count)
                ^^^^^^^^^^^^^^^^^^^^^^^^^^^^^^^^^^^^^^^^^^^^^^^^^^^^^^^^^^^^^^^^^^^^^^^^^^
  File "/usr/local/lib/python3.11/site-packages/gunicorn/http/message.py", line 259, in __init__
    super().__init__(cfg, unreader, peer_addr)
  File "/usr/local/lib/python3.11/site-packages/gunicorn/http/message.py", line 60, in __init__
    unused = self.parse(self.unreader)
             ^^^^^^^^^^^^^^^^^^^^^^^^^
  File "/usr/local/lib/python3.11/site-packages/gunicorn/http/message.py", line 271, in parse
    self.get_data(unreader, buf, stop=True)
  File "/usr/local/lib/python3.11/site-packages/gunicorn/http/message.py", line 262, in get_data
    data = unreader.read()
           ^^^^^^^^^^^^^^^
  File "/usr/local/lib/python3.11/site-packages/gunicorn/http/unreader.py", line 36, in read
    d = self.chunk()
        ^^^^^^^^^^^^
  File "/usr/local/lib/python3.11/site-packages/gunicorn/http/unreader.py", line 63, in chunk
    return self.sock.recv(self.mxchunk)
           ^^^^^^^^^^^^^^^^^^^^^^^^^^^^
  File "/usr/local/lib/python3.11/site-packages/gunicorn/workers/base.py", line 204, in handle_abort
    sys.exit(1)
SystemExit: 1
[2025-09-22 02:36:26 -0500] [20] [INFO] Worker exiting (pid: 20)
[2025-09-22 07:36:27 +0000] [210] [INFO] Booting worker with pid: 210
[2025-09-22 07:37:32 +0000] [1] [CRITICAL] WORKER TIMEOUT (pid:22)
[2025-09-22 02:37:32 -0500] [22] [ERROR] Error handling request (no URI read)
Traceback (most recent call last):
  File "/usr/local/lib/python3.11/site-packages/gunicorn/workers/sync.py", line 133, in handle
    req = next(parser)
          ^^^^^^^^^^^^
  File "/usr/local/lib/python3.11/site-packages/gunicorn/http/parser.py", line 41, in __next__
    self.mesg = self.mesg_class(self.cfg, self.unreader, self.source_addr, self.req_count)
                ^^^^^^^^^^^^^^^^^^^^^^^^^^^^^^^^^^^^^^^^^^^^^^^^^^^^^^^^^^^^^^^^^^^^^^^^^^
  File "/usr/local/lib/python3.11/site-packages/gunicorn/http/message.py", line 259, in __init__
    super().__init__(cfg, unreader, peer_addr)
  File "/usr/local/lib/python3.11/site-packages/gunicorn/http/message.py", line 60, in __init__
    unused = self.parse(self.unreader)
             ^^^^^^^^^^^^^^^^^^^^^^^^^
  File "/usr/local/lib/python3.11/site-packages/gunicorn/http/message.py", line 271, in parse
    self.get_data(unreader, buf, stop=True)
  File "/usr/local/lib/python3.11/site-packages/gunicorn/http/message.py", line 262, in get_data
    data = unreader.read()
           ^^^^^^^^^^^^^^^
  File "/usr/local/lib/python3.11/site-packages/gunicorn/http/unreader.py", line 36, in read
    d = self.chunk()
        ^^^^^^^^^^^^
  File "/usr/local/lib/python3.11/site-packages/gunicorn/http/unreader.py", line 63, in chunk
    return self.sock.recv(self.mxchunk)
           ^^^^^^^^^^^^^^^^^^^^^^^^^^^^
  File "/usr/local/lib/python3.11/site-packages/gunicorn/workers/base.py", line 204, in handle_abort
    sys.exit(1)
SystemExit: 1
[2025-09-22 02:37:32 -0500] [22] [INFO] Worker exiting (pid: 22)
[2025-09-22 07:37:32 +0000] [211] [INFO] Booting worker with pid: 211
[2025-09-22 07:37:49 +0000] [1] [INFO] Handling signal: term
[2025-09-22 02:37:49 -0500] [9] [INFO] Worker exiting (pid: 9)
[2025-09-22 02:37:49 -0500] [14] [INFO] Worker exiting (pid: 14)
[2025-09-22 02:37:49 -0500] [211] [INFO] Worker exiting (pid: 211)
[2025-09-22 02:37:49 -0500] [16] [INFO] Worker exiting (pid: 16)
[2025-09-22 02:37:49 -0500] [7] [INFO] Worker exiting (pid: 7)
[2025-09-22 02:37:49 -0500] [13] [INFO] Worker exiting (pid: 13)
[2025-09-22 02:37:49 -0500] [8] [INFO] Worker exiting (pid: 8)
[2025-09-22 02:37:49 -0500] [18] [INFO] Worker exiting (pid: 18)
[2025-09-22 02:37:49 -0500] [11] [INFO] Worker exiting (pid: 11)
[2025-09-22 02:37:49 -0500] [210] [INFO] Worker exiting (pid: 210)
[2025-09-22 02:37:49 -0500] [12] [INFO] Worker exiting (pid: 12)
[2025-09-22 02:37:49 -0500] [19] [INFO] Worker exiting (pid: 19)
[2025-09-22 02:37:49 -0500] [15] [INFO] Worker exiting (pid: 15)
[2025-09-22 02:37:49 -0500] [21] [INFO] Worker exiting (pid: 21)
[2025-09-22 02:37:49 -0500] [10] [INFO] Worker exiting (pid: 10)
[2025-09-22 02:37:49 -0500] [17] [INFO] Worker exiting (pid: 17)
[2025-09-22 07:37:50 +0000] [1] [INFO] Shutting down: Master
[2025-09-22 08:13:25 +0000] [1] [INFO] Starting gunicorn 23.0.0
[2025-09-22 08:13:25 +0000] [1] [INFO] Listening at: http://0.0.0.0:8000 (1)
[2025-09-22 08:13:25 +0000] [1] [INFO] Using worker: sync
[2025-09-22 08:13:25 +0000] [7] [INFO] Booting worker with pid: 7
[2025-09-22 08:13:25 +0000] [8] [INFO] Booting worker with pid: 8
[2025-09-22 08:13:25 +0000] [9] [INFO] Booting worker with pid: 9
[2025-09-22 08:13:25 +0000] [10] [INFO] Booting worker with pid: 10
[2025-09-22 08:13:25 +0000] [11] [INFO] Booting worker with pid: 11
[2025-09-22 08:13:25 +0000] [12] [INFO] Booting worker with pid: 12
[2025-09-22 08:13:25 +0000] [13] [INFO] Booting worker with pid: 13
[2025-09-22 08:13:26 +0000] [14] [INFO] Booting worker with pid: 14
[2025-09-22 08:13:26 +0000] [15] [INFO] Booting worker with pid: 15
[2025-09-22 08:13:26 +0000] [16] [INFO] Booting worker with pid: 16
[2025-09-22 08:13:26 +0000] [17] [INFO] Booting worker with pid: 17
[2025-09-22 08:13:26 +0000] [18] [INFO] Booting worker with pid: 18
[2025-09-22 08:13:26 +0000] [19] [INFO] Booting worker with pid: 19
[2025-09-22 08:13:26 +0000] [20] [INFO] Booting worker with pid: 20
[2025-09-22 08:13:26 +0000] [21] [INFO] Booting worker with pid: 21
[2025-09-22 08:13:26 +0000] [22] [INFO] Booting worker with pid: 22
[2025-09-22 08:28:47 +0000] [1] [INFO] Handling signal: term
[2025-09-22 03:28:47 -0500] [20] [INFO] Worker exiting (pid: 20)
[2025-09-22 03:28:47 -0500] [22] [INFO] Worker exiting (pid: 22)
[2025-09-22 03:28:47 -0500] [19] [INFO] Worker exiting (pid: 19)
[2025-09-22 03:28:47 -0500] [14] [INFO] Worker exiting (pid: 14)
[2025-09-22 03:28:47 -0500] [11] [INFO] Worker exiting (pid: 11)
[2025-09-22 03:28:47 -0500] [16] [INFO] Worker exiting (pid: 16)
[2025-09-22 03:28:47 -0500] [17] [INFO] Worker exiting (pid: 17)
[2025-09-22 03:28:47 -0500] [12] [INFO] Worker exiting (pid: 12)
[2025-09-22 03:28:47 -0500] [15] [INFO] Worker exiting (pid: 15)
[2025-09-22 03:28:47 -0500] [13] [INFO] Worker exiting (pid: 13)
[2025-09-22 03:28:47 -0500] [18] [INFO] Worker exiting (pid: 18)
[2025-09-22 03:28:47 -0500] [9] [INFO] Worker exiting (pid: 9)
[2025-09-22 03:28:47 -0500] [7] [INFO] Worker exiting (pid: 7)
[2025-09-22 03:28:47 -0500] [21] [INFO] Worker exiting (pid: 21)
[2025-09-22 03:28:47 -0500] [8] [INFO] Worker exiting (pid: 8)
[2025-09-22 03:28:47 -0500] [10] [INFO] Worker exiting (pid: 10)
[2025-09-22 08:28:49 +0000] [1] [INFO] Shutting down: Master
[2025-09-22 08:28:57 +0000] [1] [INFO] Starting gunicorn 23.0.0
[2025-09-22 08:28:57 +0000] [1] [INFO] Listening at: http://0.0.0.0:8000 (1)
[2025-09-22 08:28:57 +0000] [1] [INFO] Using worker: sync
[2025-09-22 08:28:57 +0000] [7] [INFO] Booting worker with pid: 7
[2025-09-22 08:28:57 +0000] [8] [INFO] Booting worker with pid: 8
[2025-09-22 08:28:57 +0000] [9] [INFO] Booting worker with pid: 9
[2025-09-22 08:28:57 +0000] [10] [INFO] Booting worker with pid: 10
[2025-09-22 08:28:57 +0000] [11] [INFO] Booting worker with pid: 11
[2025-09-22 08:28:57 +0000] [12] [INFO] Booting worker with pid: 12
[2025-09-22 08:28:57 +0000] [13] [INFO] Booting worker with pid: 13
[2025-09-22 08:28:57 +0000] [14] [INFO] Booting worker with pid: 14
[2025-09-22 08:28:57 +0000] [15] [INFO] Booting worker with pid: 15
[2025-09-22 08:28:57 +0000] [16] [INFO] Booting worker with pid: 16
[2025-09-22 08:28:57 +0000] [17] [INFO] Booting worker with pid: 17
[2025-09-22 08:28:57 +0000] [18] [INFO] Booting worker with pid: 18
[2025-09-22 08:28:57 +0000] [19] [INFO] Booting worker with pid: 19
[2025-09-22 08:28:58 +0000] [20] [INFO] Booting worker with pid: 20
[2025-09-22 08:28:58 +0000] [21] [INFO] Booting worker with pid: 21
[2025-09-22 08:28:58 +0000] [22] [INFO] Booting worker with pid: 22
[2025-09-22 08:57:21 +0000] [1] [INFO] Handling signal: term
[2025-09-22 03:57:21 -0500] [15] [INFO] Worker exiting (pid: 15)
[2025-09-22 03:57:21 -0500] [7] [INFO] Worker exiting (pid: 7)
[2025-09-22 03:57:21 -0500] [21] [INFO] Worker exiting (pid: 21)
[2025-09-22 03:57:21 -0500] [12] [INFO] Worker exiting (pid: 12)
[2025-09-22 03:57:21 -0500] [13] [INFO] Worker exiting (pid: 13)
[2025-09-22 03:57:21 -0500] [14] [INFO] Worker exiting (pid: 14)
[2025-09-22 03:57:21 -0500] [10] [INFO] Worker exiting (pid: 10)
[2025-09-22 03:57:21 -0500] [19] [INFO] Worker exiting (pid: 19)
[2025-09-22 03:57:21 -0500] [8] [INFO] Worker exiting (pid: 8)
[2025-09-22 03:57:21 -0500] [11] [INFO] Worker exiting (pid: 11)
[2025-09-22 03:57:21 -0500] [22] [INFO] Worker exiting (pid: 22)
[2025-09-22 03:57:21 -0500] [16] [INFO] Worker exiting (pid: 16)
[2025-09-22 03:57:21 -0500] [9] [INFO] Worker exiting (pid: 9)
[2025-09-22 03:57:21 -0500] [20] [INFO] Worker exiting (pid: 20)
[2025-09-22 03:57:21 -0500] [18] [INFO] Worker exiting (pid: 18)
[2025-09-22 03:57:21 -0500] [17] [INFO] Worker exiting (pid: 17)
[2025-09-22 08:57:23 +0000] [1] [INFO] Shutting down: Master
[2025-10-09 02:53:42 +0000] [1] [INFO] Starting gunicorn 23.0.0
[2025-10-09 02:53:42 +0000] [1] [INFO] Listening at: http://0.0.0.0:8000 (1)
[2025-10-09 02:53:42 +0000] [1] [INFO] Using worker: sync
[2025-10-09 02:53:42 +0000] [7] [INFO] Booting worker with pid: 7
[2025-10-09 02:53:42 +0000] [8] [INFO] Booting worker with pid: 8
[2025-10-09 02:53:42 +0000] [9] [INFO] Booting worker with pid: 9
[2025-10-09 02:53:42 +0000] [10] [INFO] Booting worker with pid: 10
[2025-10-09 02:53:42 +0000] [11] [INFO] Booting worker with pid: 11
[2025-10-09 02:53:42 +0000] [12] [INFO] Booting worker with pid: 12
[2025-10-09 02:53:42 +0000] [13] [INFO] Booting worker with pid: 13
[2025-10-09 02:53:42 +0000] [14] [INFO] Booting worker with pid: 14
[2025-10-09 02:53:42 +0000] [15] [INFO] Booting worker with pid: 15
[2025-10-09 02:53:42 +0000] [16] [INFO] Booting worker with pid: 16
[2025-10-09 02:53:42 +0000] [17] [INFO] Booting worker with pid: 17
[2025-10-09 02:53:43 +0000] [18] [INFO] Booting worker with pid: 18
[2025-10-09 02:53:43 +0000] [19] [INFO] Booting worker with pid: 19
[2025-10-09 02:53:43 +0000] [20] [INFO] Booting worker with pid: 20
[2025-10-09 02:53:43 +0000] [21] [INFO] Booting worker with pid: 21
[2025-10-09 02:53:43 +0000] [22] [INFO] Booting worker with pid: 22
[2025-10-09 02:54:56 +0000] [1] [INFO] Handling signal: term
[2025-10-08 21:54:56 -0500] [10] [INFO] Worker exiting (pid: 10)
[2025-10-08 21:54:56 -0500] [9] [INFO] Worker exiting (pid: 9)
[2025-10-08 21:54:56 -0500] [14] [INFO] Worker exiting (pid: 14)
[2025-10-08 21:54:56 -0500] [11] [INFO] Worker exiting (pid: 11)
[2025-10-08 21:54:56 -0500] [7] [INFO] Worker exiting (pid: 7)
[2025-10-08 21:54:56 -0500] [12] [INFO] Worker exiting (pid: 12)
[2025-10-08 21:54:56 -0500] [8] [INFO] Worker exiting (pid: 8)
[2025-10-08 21:54:56 -0500] [19] [INFO] Worker exiting (pid: 19)
[2025-10-08 21:54:56 -0500] [13] [INFO] Worker exiting (pid: 13)
[2025-10-08 21:54:56 -0500] [15] [INFO] Worker exiting (pid: 15)
[2025-10-08 21:54:56 -0500] [17] [INFO] Worker exiting (pid: 17)
[2025-10-08 21:54:56 -0500] [20] [INFO] Worker exiting (pid: 20)
[2025-10-08 21:54:56 -0500] [21] [INFO] Worker exiting (pid: 21)
[2025-10-08 21:54:56 -0500] [16] [INFO] Worker exiting (pid: 16)
[2025-10-08 21:54:56 -0500] [22] [INFO] Worker exiting (pid: 22)
[2025-10-08 21:54:56 -0500] [18] [INFO] Worker exiting (pid: 18)
[2025-10-09 02:54:56 +0000] [1] [INFO] Shutting down: Master
[2025-10-09 02:55:19 +0000] [1] [INFO] Starting gunicorn 23.0.0
[2025-10-09 02:55:19 +0000] [1] [INFO] Listening at: http://0.0.0.0:8000 (1)
[2025-10-09 02:55:19 +0000] [1] [INFO] Using worker: sync
[2025-10-09 02:55:19 +0000] [7] [INFO] Booting worker with pid: 7
[2025-10-09 02:55:19 +0000] [8] [INFO] Booting worker with pid: 8
[2025-10-09 02:55:19 +0000] [9] [INFO] Booting worker with pid: 9
[2025-10-09 02:55:19 +0000] [10] [INFO] Booting worker with pid: 10
[2025-10-09 02:55:19 +0000] [11] [INFO] Booting worker with pid: 11
[2025-10-09 02:55:19 +0000] [12] [INFO] Booting worker with pid: 12
[2025-10-09 02:55:19 +0000] [13] [INFO] Booting worker with pid: 13
[2025-10-09 02:55:19 +0000] [14] [INFO] Booting worker with pid: 14
[2025-10-09 02:55:19 +0000] [15] [INFO] Booting worker with pid: 15
[2025-10-09 02:55:19 +0000] [16] [INFO] Booting worker with pid: 16
[2025-10-09 02:55:20 +0000] [17] [INFO] Booting worker with pid: 17
[2025-10-09 02:55:20 +0000] [18] [INFO] Booting worker with pid: 18
[2025-10-09 02:55:20 +0000] [19] [INFO] Booting worker with pid: 19
[2025-10-09 02:55:20 +0000] [20] [INFO] Booting worker with pid: 20
[2025-10-09 02:55:20 +0000] [21] [INFO] Booting worker with pid: 21
[2025-10-09 02:55:20 +0000] [22] [INFO] Booting worker with pid: 22
[2025-10-09 02:56:26 +0000] [1] [INFO] Handling signal: term
[2025-10-08 21:56:26 -0500] [12] [INFO] Worker exiting (pid: 12)
[2025-10-08 21:56:26 -0500] [17] [INFO] Worker exiting (pid: 17)
[2025-10-08 21:56:26 -0500] [16] [INFO] Worker exiting (pid: 16)
[2025-10-08 21:56:26 -0500] [18] [INFO] Worker exiting (pid: 18)
[2025-10-08 21:56:26 -0500] [11] [INFO] Worker exiting (pid: 11)
[2025-10-08 21:56:26 -0500] [15] [INFO] Worker exiting (pid: 15)
[2025-10-08 21:56:26 -0500] [8] [INFO] Worker exiting (pid: 8)
[2025-10-08 21:56:26 -0500] [21] [INFO] Worker exiting (pid: 21)
[2025-10-08 21:56:26 -0500] [9] [INFO] Worker exiting (pid: 9)
[2025-10-08 21:56:26 -0500] [22] [INFO] Worker exiting (pid: 22)
[2025-10-08 21:56:26 -0500] [19] [INFO] Worker exiting (pid: 19)
[2025-10-08 21:56:26 -0500] [10] [INFO] Worker exiting (pid: 10)
[2025-10-08 21:56:26 -0500] [14] [INFO] Worker exiting (pid: 14)
[2025-10-08 21:56:26 -0500] [20] [INFO] Worker exiting (pid: 20)
[2025-10-08 21:56:26 -0500] [13] [INFO] Worker exiting (pid: 13)
[2025-10-08 21:56:26 -0500] [7] [INFO] Worker exiting (pid: 7)
[2025-10-09 02:56:28 +0000] [1] [INFO] Shutting down: Master
[2025-10-09 02:56:58 +0000] [1] [INFO] Starting gunicorn 23.0.0
[2025-10-09 02:56:58 +0000] [1] [INFO] Listening at: http://0.0.0.0:8000 (1)
[2025-10-09 02:56:58 +0000] [1] [INFO] Using worker: sync
[2025-10-09 02:56:58 +0000] [7] [INFO] Booting worker with pid: 7
[2025-10-09 02:56:58 +0000] [8] [INFO] Booting worker with pid: 8
[2025-10-09 02:56:58 +0000] [9] [INFO] Booting worker with pid: 9
[2025-10-09 02:56:58 +0000] [10] [INFO] Booting worker with pid: 10
[2025-10-09 02:56:58 +0000] [11] [INFO] Booting worker with pid: 11
[2025-10-09 02:56:58 +0000] [12] [INFO] Booting worker with pid: 12
[2025-10-09 02:56:58 +0000] [13] [INFO] Booting worker with pid: 13
[2025-10-09 02:56:58 +0000] [14] [INFO] Booting worker with pid: 14
[2025-10-09 02:56:58 +0000] [15] [INFO] Booting worker with pid: 15
[2025-10-09 02:56:58 +0000] [16] [INFO] Booting worker with pid: 16
[2025-10-09 02:56:58 +0000] [17] [INFO] Booting worker with pid: 17
[2025-10-09 02:56:58 +0000] [18] [INFO] Booting worker with pid: 18
[2025-10-09 02:56:58 +0000] [19] [INFO] Booting worker with pid: 19
[2025-10-09 02:56:58 +0000] [20] [INFO] Booting worker with pid: 20
[2025-10-09 02:56:58 +0000] [21] [INFO] Booting worker with pid: 21
[2025-10-09 02:56:58 +0000] [22] [INFO] Booting worker with pid: 22
[2025-10-09 02:57:44 +0000] [1] [INFO] Handling signal: term
[2025-10-08 21:57:44 -0500] [8] [INFO] Worker exiting (pid: 8)
[2025-10-08 21:57:44 -0500] [9] [INFO] Worker exiting (pid: 9)
[2025-10-08 21:57:44 -0500] [17] [INFO] Worker exiting (pid: 17)
[2025-10-08 21:57:44 -0500] [10] [INFO] Worker exiting (pid: 10)
[2025-10-08 21:57:44 -0500] [15] [INFO] Worker exiting (pid: 15)
[2025-10-08 21:57:44 -0500] [11] [INFO] Worker exiting (pid: 11)
[2025-10-08 21:57:44 -0500] [14] [INFO] Worker exiting (pid: 14)
[2025-10-08 21:57:44 -0500] [20] [INFO] Worker exiting (pid: 20)
[2025-10-08 21:57:44 -0500] [18] [INFO] Worker exiting (pid: 18)
[2025-10-08 21:57:44 -0500] [16] [INFO] Worker exiting (pid: 16)
[2025-10-08 21:57:44 -0500] [13] [INFO] Worker exiting (pid: 13)
[2025-10-08 21:57:44 -0500] [19] [INFO] Worker exiting (pid: 19)
[2025-10-08 21:57:44 -0500] [21] [INFO] Worker exiting (pid: 21)
[2025-10-08 21:57:44 -0500] [7] [INFO] Worker exiting (pid: 7)
[2025-10-08 21:57:44 -0500] [12] [INFO] Worker exiting (pid: 12)
[2025-10-08 21:57:44 -0500] [22] [INFO] Worker exiting (pid: 22)
[2025-10-09 02:57:46 +0000] [1] [INFO] Shutting down: Master
[2025-10-09 02:58:22 +0000] [1] [INFO] Starting gunicorn 23.0.0
[2025-10-09 02:58:22 +0000] [1] [INFO] Listening at: http://0.0.0.0:8000 (1)
[2025-10-09 02:58:22 +0000] [1] [INFO] Using worker: sync
[2025-10-09 02:58:22 +0000] [7] [INFO] Booting worker with pid: 7
[2025-10-09 02:58:22 +0000] [8] [INFO] Booting worker with pid: 8
[2025-10-09 02:58:22 +0000] [9] [INFO] Booting worker with pid: 9
[2025-10-09 02:58:22 +0000] [10] [INFO] Booting worker with pid: 10
[2025-10-09 02:58:22 +0000] [11] [INFO] Booting worker with pid: 11
[2025-10-09 02:58:22 +0000] [12] [INFO] Booting worker with pid: 12
[2025-10-09 02:58:22 +0000] [13] [INFO] Booting worker with pid: 13
[2025-10-09 02:58:22 +0000] [14] [INFO] Booting worker with pid: 14
[2025-10-09 02:58:23 +0000] [15] [INFO] Booting worker with pid: 15
[2025-10-09 02:58:23 +0000] [16] [INFO] Booting worker with pid: 16
[2025-10-09 02:58:23 +0000] [17] [INFO] Booting worker with pid: 17
[2025-10-09 02:58:23 +0000] [18] [INFO] Booting worker with pid: 18
[2025-10-09 02:58:23 +0000] [19] [INFO] Booting worker with pid: 19
[2025-10-09 02:58:23 +0000] [20] [INFO] Booting worker with pid: 20
[2025-10-09 02:58:23 +0000] [21] [INFO] Booting worker with pid: 21
[2025-10-09 02:58:23 +0000] [22] [INFO] Booting worker with pid: 22
[2025-10-09 03:00:11 +0000] [1] [INFO] Handling signal: term
[2025-10-08 22:00:11 -0500] [14] [INFO] Worker exiting (pid: 14)
[2025-10-08 22:00:11 -0500] [8] [INFO] Worker exiting (pid: 8)
[2025-10-08 22:00:11 -0500] [9] [INFO] Worker exiting (pid: 9)
[2025-10-08 22:00:11 -0500] [13] [INFO] Worker exiting (pid: 13)
[2025-10-08 22:00:11 -0500] [16] [INFO] Worker exiting (pid: 16)
[2025-10-08 22:00:11 -0500] [15] [INFO] Worker exiting (pid: 15)
[2025-10-08 22:00:11 -0500] [12] [INFO] Worker exiting (pid: 12)
[2025-10-08 22:00:11 -0500] [18] [INFO] Worker exiting (pid: 18)
[2025-10-08 22:00:11 -0500] [7] [INFO] Worker exiting (pid: 7)
[2025-10-08 22:00:11 -0500] [22] [INFO] Worker exiting (pid: 22)
[2025-10-08 22:00:11 -0500] [10] [INFO] Worker exiting (pid: 10)
[2025-10-08 22:00:11 -0500] [17] [INFO] Worker exiting (pid: 17)
[2025-10-08 22:00:11 -0500] [11] [INFO] Worker exiting (pid: 11)
[2025-10-08 22:00:11 -0500] [19] [INFO] Worker exiting (pid: 19)
[2025-10-08 22:00:11 -0500] [21] [INFO] Worker exiting (pid: 21)
[2025-10-08 22:00:11 -0500] [20] [INFO] Worker exiting (pid: 20)
[2025-10-09 03:00:14 +0000] [1] [INFO] Shutting down: Master
